#
# There is insufficient memory for the Java Runtime Environment to continue.
# Native memory allocation (malloc) failed to allocate 32744 bytes for ChunkPool::allocate
# Possible reasons:
#   The system is out of physical RAM or swap space
#   In 32 bit mode, the process size limit was hit
# Possible solutions:
#   Reduce memory load on the system
#   Increase physical memory or swap space
#   Check if swap backing store is full
#   Use 64 bit Java on a 64 bit OS
#   Decrease Java heap size (-Xmx/-Xms)
#   Decrease number of Java threads
#   Decrease Java thread stack sizes (-Xss)
#   Set larger code cache with -XX:ReservedCodeCacheSize=
# This output file may be truncated or incomplete.
#
#  Out of Memory Error (allocation.cpp:273), pid=1184, tid=0x00000000000006c4
#
# JRE version: OpenJDK Runtime Environment (8.0_152-b01) (build 1.8.0_152-release-915-b01)
# Java VM: OpenJDK 64-Bit Server VM (25.152-b01 mixed mode windows-amd64 compressed oops)
# Failed to write core dump. Minidumps are not enabled by default on client versions of Windows
#

---------------  T H R E A D  ---------------

Current thread (0x000000001755d000):  JavaThread "C1 CompilerThread3" daemon [_thread_in_native, id=1732, stack(0x000000001a020000,0x000000001a120000)]

Stack: [0x000000001a020000,0x000000001a120000]
[error occurred during error reporting (printing stack bounds), id 0xc0000005]

Native frames: (J=compiled Java code, j=interpreted, Vv=VM code, C=native code)


Current CompileTask:
C1:    214  403   !   3       com.android.dx.cf.code.BytecodeArray::parseInstruction (2796 bytes)


---------------  P R O C E S S  ---------------

Java Threads: ( => current thread )
  0x0000000019670000 JavaThread "pool-1-thread-4" [_thread_in_vm_trans, id=4992, stack(0x000000001a720000,0x000000001a820000)]
  0x000000001967a800 JavaThread "pool-1-thread-3" [_thread_in_Java, id=7916, stack(0x000000001a620000,0x000000001a720000)]
  0x0000000019656800 JavaThread "pool-1-thread-2" [_thread_in_Java, id=3280, stack(0x000000001a520000,0x000000001a620000)]
  0x0000000019652800 JavaThread "pool-2-thread-1" [_thread_blocked, id=6164, stack(0x000000001a420000,0x000000001a520000)]
  0x0000000019538000 JavaThread "Service Thread" daemon [_thread_blocked, id=3536, stack(0x000000001a120000,0x000000001a220000)]
=>0x000000001755d000 JavaThread "C1 CompilerThread3" daemon [_thread_in_native, id=1732, stack(0x000000001a020000,0x000000001a120000)]
  0x000000001946b800 JavaThread "C2 CompilerThread2" daemon [_thread_in_native, id=2368, stack(0x0000000019f20000,0x000000001a020000)]
  0x000000001946a800 JavaThread "C2 CompilerThread1" daemon [_thread_in_native, id=988, stack(0x0000000019e20000,0x0000000019f20000)]
  0x0000000019468800 JavaThread "C2 CompilerThread0" daemon [_thread_in_native, id=8292, stack(0x0000000019d20000,0x0000000019e20000)]
  0x0000000019462000 JavaThread "Attach Listener" daemon [_thread_blocked, id=8732, stack(0x0000000019c20000,0x0000000019d20000)]
  0x0000000019461000 JavaThread "Signal Dispatcher" daemon [_thread_blocked, id=7664, stack(0x0000000019b20000,0x0000000019c20000)]
  0x0000000017551000 JavaThread "Finalizer" daemon [_thread_blocked, id=892, stack(0x0000000019830000,0x0000000019930000)]
  0x0000000004a27000 JavaThread "Reference Handler" daemon [_thread_blocked, id=9700, stack(0x0000000019330000,0x0000000019430000)]
  0x000000000489e800 JavaThread "main" [_thread_blocked, id=7832, stack(0x0000000004730000,0x0000000004830000)]

Other Threads:
  0x0000000017546800 VMThread [stack: 0x0000000019230000,0x0000000019330000] [id=9664]
  0x0000000019538800 WatcherThread [stack: 0x000000001a220000,0x000000001a320000] [id=8948]

VM state:not at safepoint (normal execution)

VM Mutex/Monitor currently owned by a thread: None

Heap:
 PSYoungGen      total 38400K, used 11598K [0x00000000eab00000, 0x00000000ed580000, 0x0000000100000000)
  eden space 33280K, 34% used [0x00000000eab00000,0x00000000eb653b20,0x00000000ecb80000)
  from space 5120K, 0% used [0x00000000ed080000,0x00000000ed080000,0x00000000ed580000)
  to   space 5120K, 0% used [0x00000000ecb80000,0x00000000ecb80000,0x00000000ed080000)
 ParOldGen       total 87552K, used 0K [0x00000000c0000000, 0x00000000c5580000, 0x00000000eab00000)
  object space 87552K, 0% used [0x00000000c0000000,0x00000000c0000000,0x00000000c5580000)
 Metaspace       used 5558K, capacity 6480K, committed 6784K, reserved 1056768K
  class space    used 577K, capacity 584K, committed 640K, reserved 1048576K

Card table byte_map: [0x0000000013df0000,0x0000000014000000] byte_map_base: 0x00000000137f0000

Marking Bits: (ParMarkBitMap*) 0x0000000075f63950
 Begin Bits: [0x0000000014960000, 0x0000000015960000)
 End Bits:   [0x0000000015960000, 0x0000000016960000)

Polling page: 0x0000000002a70000

CodeCache: size=245760Kb used=1821Kb max_used=1833Kb free=243938Kb
 bounds [0x0000000004a30000, 0x0000000004ca0000, 0x0000000013a30000]
 total_blobs=661 nmethods=392 adapters=183
 compilation: enabled

Compilation events (10 events):
Event: 0.203 Thread 0x000000001946b800  414       4       com.android.dx.cf.code.LineNumberList::get (9 bytes)
Event: 0.203 Thread 0x000000001755d000  412       3       com.android.dx.util.Bits::clear (21 bytes)
Event: 0.203 Thread 0x0000000019468800  415       4       java.util.HashMap::getNode (148 bytes)
Event: 0.203 Thread 0x000000001755d000 nmethod 412 0x0000000004bf4610 code [0x0000000004bf4760, 0x0000000004bf48d0]
Event: 0.203 Thread 0x000000001755d000  403   !   3       com.android.dx.cf.code.BytecodeArray::parseInstruction (2796 bytes)
Event: 0.203 Thread 0x000000001946b800 nmethod 414 0x0000000004bf4290 code [0x0000000004bf43e0, 0x0000000004bf44b8]
Event: 0.204 Thread 0x000000001946b800  419       4       com.android.dx.util.Bits::clear (21 bytes)
Event: 0.204 Thread 0x000000001946b800 nmethod 419 0x0000000004bf4010 code [0x0000000004bf4140, 0x0000000004bf41d8]
Event: 0.206 Thread 0x0000000019468800 nmethod 415 0x0000000004bf8b90 code [0x0000000004bf8d00, 0x0000000004bf90a8]
Event: 0.207 Thread 0x000000001946a800  423       4       java.util.ArrayList::add (29 bytes)

GC Heap History (0 events):
No events

Deoptimization events (0 events):
No events

Classes redefined (0 events):
No events

Internal exceptions (2 events):
Event: 0.035 Thread 0x000000000489e800 Exception <a 'java/lang/NoSuchMethodError': Method sun.misc.Unsafe.defineClass(Ljava/lang/String;[BII)Ljava/lang/Class; name or signature does not match> (0x00000000eab07ca8) thrown at [D:\src\AOSP-openjdk-cygwin\jdk8u\hotspot\src\share\vm\prims\jni.cpp, 
Event: 0.035 Thread 0x000000000489e800 Exception <a 'java/lang/NoSuchMethodError': Method sun.misc.Unsafe.prefetchRead(Ljava/lang/Object;J)V name or signature does not match> (0x00000000eab07f90) thrown at [D:\src\AOSP-openjdk-cygwin\jdk8u\hotspot\src\share\vm\prims\jni.cpp, line 4011]

Events (10 events):
Event: 0.195 loading class com/android/dx/ssa/back/FirstFitLocalCombiningAllocator$Alignment done
Event: 0.196 loading class com/android/dx/ssa/back/FirstFitLocalCombiningAllocator$Alignment$1
Event: 0.196 loading class com/android/dx/ssa/back/FirstFitLocalCombiningAllocator$Alignment$1 done
Event: 0.196 loading class com/android/dx/ssa/back/FirstFitLocalCombiningAllocator$Alignment$2
Event: 0.196 loading class com/android/dx/ssa/back/FirstFitLocalCombiningAllocator$Alignment$2 done
Event: 0.196 loading class com/android/dx/ssa/back/FirstFitLocalCombiningAllocator$Alignment$3
Event: 0.196 loading class com/android/dx/ssa/back/FirstFitLocalCombiningAllocator$Alignment$3 done
Event: 0.197 loading class com/android/dx/rop/cst/CstEnumRef
Event: 0.197 loading class com/android/dx/rop/cst/CstEnumRef done
Event: 0.198 Thread 0x0000000019652000 Thread exited: 0x0000000019652000


Dynamic libraries:
0x00007ff77af50000 - 0x00007ff77af81000 	C:\Program Files\Android\Android Studio\jre\bin\java.exe
0x00007ffb18510000 - 0x00007ffb186f0000 	C:\WINDOWS\SYSTEM32\ntdll.dll
0x00007ffb15ed0000 - 0x00007ffb15f7e000 	C:\WINDOWS\System32\KERNEL32.DLL
0x00007ffb15450000 - 0x00007ffb156b6000 	C:\WINDOWS\System32\KERNELBASE.dll
0x00007ffb17dc0000 - 0x00007ffb17e61000 	C:\WINDOWS\System32\ADVAPI32.dll
0x00007ffb159e0000 - 0x00007ffb15a7d000 	C:\WINDOWS\System32\msvcrt.dll
0x00007ffb18480000 - 0x00007ffb184db000 	C:\WINDOWS\System32\sechost.dll
0x00007ffb17f10000 - 0x00007ffb1802f000 	C:\WINDOWS\System32\RPCRT4.dll
0x00007ffb15f80000 - 0x00007ffb1610f000 	C:\WINDOWS\System32\USER32.dll
0x00007ffb152e0000 - 0x00007ffb15300000 	C:\WINDOWS\System32\win32u.dll
0x00007ffb165a0000 - 0x00007ffb165c8000 	C:\WINDOWS\System32\GDI32.dll
0x00007ffb156c0000 - 0x00007ffb15853000 	C:\WINDOWS\System32\gdi32full.dll
0x00007ffb15300000 - 0x00007ffb1539b000 	C:\WINDOWS\System32\msvcp_win.dll
0x00007ffb15860000 - 0x00007ffb15956000 	C:\WINDOWS\System32\ucrtbase.dll
0x00007ffafb280000 - 0x00007ffafb4e9000 	C:\WINDOWS\WinSxS\amd64_microsoft.windows.common-controls_6595b64144ccf1df_6.0.16299.125_none_15cbcf8893620c09\COMCTL32.dll
0x00007ffb15a80000 - 0x00007ffb15d88000 	C:\WINDOWS\System32\combase.dll
0x00007ffb15960000 - 0x00007ffb159d2000 	C:\WINDOWS\System32\bcryptPrimitives.dll
0x00007ffb15ea0000 - 0x00007ffb15ecd000 	C:\WINDOWS\System32\IMM32.DLL
0x00000000756c0000 - 0x0000000075792000 	C:\Program Files\Android\Android Studio\jre\jre\bin\msvcr100.dll
0x00000000757a0000 - 0x0000000075fde000 	C:\Program Files\Android\Android Studio\jre\jre\bin\server\jvm.dll
0x00007ffb161a0000 - 0x00007ffb161a8000 	C:\WINDOWS\System32\PSAPI.DLL
0x00007ffb06260000 - 0x00007ffb06269000 	C:\WINDOWS\SYSTEM32\WSOCK32.dll
0x00007ffb110a0000 - 0x00007ffb110c3000 	C:\WINDOWS\SYSTEM32\WINMM.dll
0x00007ffb08c40000 - 0x00007ffb08c4a000 	C:\WINDOWS\SYSTEM32\VERSION.dll
0x00007ffb16780000 - 0x00007ffb167ec000 	C:\WINDOWS\System32\WS2_32.dll
0x00007ffb11070000 - 0x00007ffb1109a000 	C:\WINDOWS\SYSTEM32\WINMMBASE.dll
0x00007ffb15290000 - 0x00007ffb152da000 	C:\WINDOWS\System32\cfgmgr32.dll
0x00007ffb0ca70000 - 0x00007ffb0ca7f000 	C:\Program Files\Android\Android Studio\jre\jre\bin\verify.dll
0x00007ffb0ca40000 - 0x00007ffb0ca69000 	C:\Program Files\Android\Android Studio\jre\jre\bin\java.dll
0x00007ffaf3000000 - 0x00007ffaf3016000 	C:\Program Files\Android\Android Studio\jre\jre\bin\zip.dll
0x00007ffb16870000 - 0x00007ffb17ca6000 	C:\WINDOWS\System32\SHELL32.dll
0x00007ffb17cb0000 - 0x00007ffb17d56000 	C:\WINDOWS\System32\shcore.dll
0x00007ffb14ae0000 - 0x00007ffb15227000 	C:\WINDOWS\System32\windows.storage.dll
0x00007ffb16120000 - 0x00007ffb16171000 	C:\WINDOWS\System32\shlwapi.dll
0x00007ffb148d0000 - 0x00007ffb148e1000 	C:\WINDOWS\System32\kernel.appcore.dll
0x00007ffb14880000 - 0x00007ffb148cc000 	C:\WINDOWS\System32\powrprof.dll
0x00007ffb14860000 - 0x00007ffb1487b000 	C:\WINDOWS\System32\profapi.dll

VM Arguments:
jvm_args: -Djava.awt.headless=true -Xmx1024M -Dfile.encoding=x-windows-874 -Duser.country=US -Duser.language=en -Duser.variant 
java_command: com.android.dx.command.Main --dex --force-jumbo --num-threads=4 --output D:\ex\android-lab\TextSwitcher\Application\build\intermediates\reload-dex\debug --min-sdk-version 15 D:\ex\android-lab\TextSwitcher\Application\build\intermediates\reload-dex\debug\classes.jar
java_class_path (initial): D:\systems\android_sdk\build-tools\26.0.2\lib\dx.jar
Launcher Type: SUN_STANDARD

Environment Variables:
JAVA_HOME=C:\Program Files\Java\jdk1.8.0_144
PATH=C:\Python3\;C:\Python3\Scripts;C:\WinAVR-20100110\bin;C:\WinAVR-20100110\utils\bin;C:\ProgramData\Oracle\Java\javapath;C:\WINDOWS\system32;C:\WINDOWS;C:\WINDOWS\System32\Wbem;C:\WINDOWS\System32\WindowsPowerShell\v1.0\;C:\Program Files\MATLAB\R2014a\runtime\win64;C:\Program Files\MATLAB\R2014a\bin;C:\Program Files\MATLAB\R2014a\polyspace\bin;C:\Program Files (x86)\Microsoft SQL Server\100\Tools\Binn\;C:\Program Files\Microsoft SQL Server\100\Tools\Binn\;C:\Program Files\Microsoft SQL Server\100\DTS\Binn\;C:\Program Files\Java\jdk1.8.0_144\bin;C:\Program Files (x86)\VideoLAN\VLC;C:\cygwin64\bin;C:\Program Files\node;C:\Program Files\node\node_modules\npm\bin;C:\Program Files\Git\cmd;C:\Program Files\Docker Toolbox;C:\Program Files\nodejs\;C:\Users\%USERSNAME%\AppData\Roaming\npm;C:\Users\5835512056.SW2-139.000\AppData\Local\Microsoft\WindowsApps;
USERNAME=5835512056
OS=Windows_NT
PROCESSOR_IDENTIFIER=Intel64 Family 6 Model 60 Stepping 3, GenuineIntel



---------------  S Y S T E M  ---------------

OS: Windows 10.0 , 64 bit Build 16299 (10.0.16299.15)

CPU:total 8 (initial active 8) (4 cores per cpu, 2 threads per core) family 6 model 60 stepping 3, cmov, cx8, fxsr, mmx, sse, sse2, sse3, ssse3, sse4.1, sse4.2, popcnt, avx, avx2, clmul, erms, lzcnt, ht, tsc, tscinvbit, bmi1, bmi2

Memory: 4k page, physical 8261292k(654276k free), swap 8261292k(3096k free)

vm_info: OpenJDK 64-Bit Server VM (25.152-b01) for windows-amd64 JRE (1.8.0_152-release-915-b01), built by "builder" with MS VC++ 10.0 (VS2010)

time: Tue Feb 20 19:59:04 2018
elapsed time: 0 seconds (0d 0h 0m 0s)

