#
# There is insufficient memory for the Java Runtime Environment to continue.
# Native memory allocation (malloc) failed to allocate 32744 bytes for ChunkPool::allocate
# Possible reasons:
#   The system is out of physical RAM or swap space
#   In 32 bit mode, the process size limit was hit
# Possible solutions:
#   Reduce memory load on the system
#   Increase physical memory or swap space
#   Check if swap backing store is full
#   Use 64 bit Java on a 64 bit OS
#   Decrease Java heap size (-Xmx/-Xms)
#   Decrease number of Java threads
#   Decrease Java thread stack sizes (-Xss)
#   Set larger code cache with -XX:ReservedCodeCacheSize=
# This output file may be truncated or incomplete.
#
#  Out of Memory Error (allocation.cpp:273), pid=7316, tid=0x0000000000001824
#
# JRE version: OpenJDK Runtime Environment (8.0_152-b01) (build 1.8.0_152-release-915-b01)
# Java VM: OpenJDK 64-Bit Server VM (25.152-b01 mixed mode windows-amd64 compressed oops)
# Failed to write core dump. Minidumps are not enabled by default on client versions of Windows
#

---------------  T H R E A D  ---------------

Current thread (0x00000000191e4000):  JavaThread "pool-1-thread-4" [_thread_in_vm, id=6180, stack(0x000000001a290000,0x000000001a390000)]

Stack: [0x000000001a290000,0x000000001a390000]
[error occurred during error reporting (printing stack bounds), id 0xc0000005]

Native frames: (J=compiled Java code, j=interpreted, Vv=VM code, C=native code)

Java frames: (J=compiled Java code, j=interpreted, Vv=VM code)
j  com.android.dx.dex.code.RopTranslator$TranslationVisitor.visitSwitchInsn(Lcom/android/dx/rop/code/SwitchInsn;)V+148
j  com.android.dx.dex.code.RopTranslator$LocalVariableAwareTranslationVisitor.visitSwitchInsn(Lcom/android/dx/rop/code/SwitchInsn;)V+2
j  com.android.dx.rop.code.SwitchInsn.accept(Lcom/android/dx/rop/code/Insn$Visitor;)V+2
j  com.android.dx.rop.code.InsnList.forEach(Lcom/android/dx/rop/code/Insn$Visitor;)V+18
j  com.android.dx.dex.code.RopTranslator.outputBlock(Lcom/android/dx/rop/code/BasicBlock;I)V+78
j  com.android.dx.dex.code.RopTranslator.outputInstructions()V+59
j  com.android.dx.dex.code.RopTranslator.translateAndGetResult()Lcom/android/dx/dex/code/DalvCode;+5
j  com.android.dx.dex.code.RopTranslator.translate(Lcom/android/dx/rop/code/RopMethod;ILcom/android/dx/rop/code/LocalVariableInfo;ILcom/android/dx/dex/DexOptions;)Lcom/android/dx/dex/code/DalvCode;+17
j  com.android.dx.dex.cf.CfTranslator.processMethods(Lcom/android/dx/command/dexer/DxContext;Lcom/android/dx/cf/direct/DirectClassFile;Lcom/android/dx/dex/cf/CfOptions;Lcom/android/dx/dex/DexOptions;Lcom/android/dx/dex/file/ClassDefItem;Lcom/android/dx/dex/file/DexFile;)V+321
j  com.android.dx.dex.cf.CfTranslator.translate0(Lcom/android/dx/command/dexer/DxContext;Lcom/android/dx/cf/direct/DirectClassFile;[BLcom/android/dx/dex/cf/CfOptions;Lcom/android/dx/dex/DexOptions;Lcom/android/dx/dex/file/DexFile;)Lcom/android/dx/dex/file/ClassDefItem;+140
j  com.android.dx.dex.cf.CfTranslator.translate(Lcom/android/dx/command/dexer/DxContext;Lcom/android/dx/cf/direct/DirectClassFile;[BLcom/android/dx/dex/cf/CfOptions;Lcom/android/dx/dex/DexOptions;Lcom/android/dx/dex/file/DexFile;)Lcom/android/dx/dex/file/ClassDefItem;+8
j  com.android.dx.command.dexer.Main.translateClass([BLcom/android/dx/cf/direct/DirectClassFile;)Lcom/android/dx/dex/file/ClassDefItem;+24
j  com.android.dx.command.dexer.Main.access$2700(Lcom/android/dx/command/dexer/Main;[BLcom/android/dx/cf/direct/DirectClassFile;)Lcom/android/dx/dex/file/ClassDefItem;+3
j  com.android.dx.command.dexer.Main$ClassTranslatorTask.call()Lcom/android/dx/dex/file/ClassDefItem;+12
j  com.android.dx.command.dexer.Main$ClassTranslatorTask.call()Ljava/lang/Object;+1
j  java.util.concurrent.FutureTask.run()V+42
j  java.util.concurrent.ThreadPoolExecutor.runWorker(Ljava/util/concurrent/ThreadPoolExecutor$Worker;)V+95
j  java.util.concurrent.ThreadPoolExecutor$Worker.run()V+5
j  java.lang.Thread.run()V+11
v  ~StubRoutines::call_stub

---------------  P R O C E S S  ---------------

Java Threads: ( => current thread )
=>0x00000000191e4000 JavaThread "pool-1-thread-4" [_thread_in_vm, id=6180, stack(0x000000001a290000,0x000000001a390000)]
  0x00000000191d2800 JavaThread "pool-1-thread-3" [_thread_in_Java, id=3548, stack(0x000000001a190000,0x000000001a290000)]
  0x00000000191d7000 JavaThread "pool-1-thread-2" [_thread_in_Java, id=10056, stack(0x000000001a090000,0x000000001a190000)]
  0x00000000191bf800 JavaThread "pool-2-thread-1" [_thread_blocked, id=8908, stack(0x0000000019f90000,0x000000001a090000)]
  0x00000000191be000 JavaThread "pool-1-thread-1" [_thread_in_Java, id=4816, stack(0x0000000019e90000,0x0000000019f90000)]
  0x00000000190a4800 JavaThread "Service Thread" daemon [_thread_blocked, id=6188, stack(0x0000000019c90000,0x0000000019d90000)]
  0x0000000019022000 JavaThread "C1 CompilerThread3" daemon [_thread_in_vm, id=6628, stack(0x0000000019b90000,0x0000000019c90000)]
  0x0000000018fdd000 JavaThread "C2 CompilerThread2" daemon [_thread_blocked, id=4924, stack(0x0000000019a90000,0x0000000019b90000)]
  0x0000000018fdb800 JavaThread "C2 CompilerThread1" daemon [_thread_in_native, id=8108, stack(0x0000000019990000,0x0000000019a90000)]
  0x0000000018fd5800 JavaThread "C2 CompilerThread0" daemon [_thread_in_native, id=2856, stack(0x0000000019890000,0x0000000019990000)]
  0x0000000018fd2800 JavaThread "Attach Listener" daemon [_thread_blocked, id=284, stack(0x0000000019790000,0x0000000019890000)]
  0x0000000019021800 JavaThread "Signal Dispatcher" daemon [_thread_blocked, id=4724, stack(0x0000000019690000,0x0000000019790000)]
  0x0000000018fc0800 JavaThread "Finalizer" daemon [_thread_blocked, id=7064, stack(0x00000000193a0000,0x00000000194a0000)]
  0x00000000170cb000 JavaThread "Reference Handler" daemon [_thread_blocked, id=3332, stack(0x0000000018ea0000,0x0000000018fa0000)]
  0x00000000045ae800 JavaThread "main" [_thread_blocked, id=7516, stack(0x0000000004260000,0x0000000004360000)]

Other Threads:
  0x00000000170c5000 VMThread [stack: 0x0000000018da0000,0x0000000018ea0000] [id=6840]
  0x00000000190a5800 WatcherThread [stack: 0x0000000019d90000,0x0000000019e90000] [id=8836]

VM state:not at safepoint (normal execution)

VM Mutex/Monitor currently owned by a thread:  ([mutex/lock_event])
[0x00000000043d0250] MethodData_lock - owner thread: 0x0000000000000000

Heap:
 PSYoungGen      total 38400K, used 12269K [0x00000000eab00000, 0x00000000ed580000, 0x0000000100000000)
  eden space 33280K, 36% used [0x00000000eab00000,0x00000000eb6fb488,0x00000000ecb80000)
  from space 5120K, 0% used [0x00000000ed080000,0x00000000ed080000,0x00000000ed580000)
  to   space 5120K, 0% used [0x00000000ecb80000,0x00000000ecb80000,0x00000000ed080000)
 ParOldGen       total 87552K, used 0K [0x00000000c0000000, 0x00000000c5580000, 0x00000000eab00000)
  object space 87552K, 0% used [0x00000000c0000000,0x00000000c0000000,0x00000000c5580000)
 Metaspace       used 5612K, capacity 6480K, committed 6784K, reserved 1056768K
  class space    used 578K, capacity 584K, committed 640K, reserved 1048576K

Card table byte_map: [0x0000000013970000,0x0000000013b80000] byte_map_base: 0x0000000013370000

Marking Bits: (ParMarkBitMap*) 0x0000000075f63950
 Begin Bits: [0x00000000144e0000, 0x00000000154e0000)
 End Bits:   [0x00000000154e0000, 0x00000000164e0000)

Polling page: 0x00000000001e0000

CodeCache: size=245760Kb used=2003Kb max_used=2003Kb free=243756Kb
 bounds [0x00000000045b0000, 0x0000000004820000, 0x00000000135b0000]
 total_blobs=681 nmethods=412 adapters=183
 compilation: enabled

Compilation events (10 events):
Event: 0.188 Thread 0x0000000018fd5800  437       4       com.android.dx.util.IntList::growIfNeeded (46 bytes)
Event: 0.189 Thread 0x0000000018fd5800 nmethod 437 0x000000000477c310 code [0x000000000477c460, 0x000000000477c658]
Event: 0.190 Thread 0x0000000018fdb800 nmethod 430 0x000000000477d910 code [0x000000000477da60, 0x000000000477dd88]
Event: 0.191 Thread 0x0000000018fdd000  444       4       java.util.BitSet::nextSetBit (102 bytes)
Event: 0.192 Thread 0x0000000018fdd000 nmethod 444 0x000000000477bf10 code [0x000000000477c060, 0x000000000477c178]
Event: 0.192 Thread 0x0000000018fd5800  446   !   4       com.android.dx.util.FixedSizeList::set0 (22 bytes)
Event: 0.192 Thread 0x0000000018fdb800  448 %     4       com.android.dx.cf.code.Ropper::labelToResultIndex @ 10 (47 bytes)
Event: 0.193 Thread 0x0000000018fd5800 nmethod 446 0x000000000477d590 code [0x000000000477d6e0, 0x000000000477d7f8]
Event: 0.193 Thread 0x0000000018fdd000  451       4       com.android.dx.util.IntList::add (65 bytes)
Event: 0.194 Thread 0x0000000018fd5800  454       4       com.android.dx.rop.code.InsnList::get (9 bytes)

GC Heap History (0 events):
No events

Deoptimization events (1 events):
Event: 0.188 Thread 0x00000000191be000 Uncommon trap: reason=unstable_if action=reinterpret pc=0x00000000047807e4 method=java.util.HashMap.getNode(ILjava/lang/Object;)Ljava/util/HashMap$Node; @ 129

Classes redefined (0 events):
No events

Internal exceptions (2 events):
Event: 0.018 Thread 0x00000000045ae800 Exception <a 'java/lang/NoSuchMethodError': Method sun.misc.Unsafe.defineClass(Ljava/lang/String;[BII)Ljava/lang/Class; name or signature does not match> (0x00000000eab07ca8) thrown at [D:\src\AOSP-openjdk-cygwin\jdk8u\hotspot\src\share\vm\prims\jni.cpp, 
Event: 0.018 Thread 0x00000000045ae800 Exception <a 'java/lang/NoSuchMethodError': Method sun.misc.Unsafe.prefetchRead(Ljava/lang/Object;J)V name or signature does not match> (0x00000000eab07f90) thrown at [D:\src\AOSP-openjdk-cygwin\jdk8u\hotspot\src\share\vm\prims\jni.cpp, line 4011]

Events (10 events):
Event: 0.184 loading class com/android/dx/cf/code/SwitchList done
Event: 0.188 Thread 0x00000000191be000 Uncommon trap: trap_request=0xffffff65 fr.pc=0x00000000047807e4
Event: 0.188 Thread 0x00000000191be000 DEOPT PACKING pc=0x00000000047807e4 sp=0x0000000019f8e280
Event: 0.188 Thread 0x00000000191be000 DEOPT UNPACKING pc=0x00000000045f556a sp=0x0000000019f8e1f8 mode 2
Event: 0.189 loading class com/android/dx/ssa/PhiInsn$Operand
Event: 0.189 loading class com/android/dx/ssa/PhiInsn$Operand done
Event: 0.192 loading class com/android/dx/ssa/back/FirstFitLocalCombiningAllocator$Multiset
Event: 0.192 loading class com/android/dx/ssa/back/FirstFitLocalCombiningAllocator$Multiset done
Event: 0.194 loading class java/util/DualPivotQuicksort
Event: 0.194 loading class java/util/DualPivotQuicksort done


Dynamic libraries:
0x00007ff77af50000 - 0x00007ff77af81000 	C:\Program Files\Android\Android Studio\jre\bin\java.exe
0x00007ffb18510000 - 0x00007ffb186f0000 	C:\WINDOWS\SYSTEM32\ntdll.dll
0x00007ffb15ed0000 - 0x00007ffb15f7e000 	C:\WINDOWS\System32\KERNEL32.DLL
0x00007ffb15450000 - 0x00007ffb156b6000 	C:\WINDOWS\System32\KERNELBASE.dll
0x00007ffb17dc0000 - 0x00007ffb17e61000 	C:\WINDOWS\System32\ADVAPI32.dll
0x00007ffb159e0000 - 0x00007ffb15a7d000 	C:\WINDOWS\System32\msvcrt.dll
0x00007ffb18480000 - 0x00007ffb184db000 	C:\WINDOWS\System32\sechost.dll
0x00007ffb17f10000 - 0x00007ffb1802f000 	C:\WINDOWS\System32\RPCRT4.dll
0x00007ffb15f80000 - 0x00007ffb1610f000 	C:\WINDOWS\System32\USER32.dll
0x00007ffb152e0000 - 0x00007ffb15300000 	C:\WINDOWS\System32\win32u.dll
0x00007ffb165a0000 - 0x00007ffb165c8000 	C:\WINDOWS\System32\GDI32.dll
0x00007ffb156c0000 - 0x00007ffb15853000 	C:\WINDOWS\System32\gdi32full.dll
0x00007ffb15300000 - 0x00007ffb1539b000 	C:\WINDOWS\System32\msvcp_win.dll
0x00007ffb15860000 - 0x00007ffb15956000 	C:\WINDOWS\System32\ucrtbase.dll
0x00007ffafb280000 - 0x00007ffafb4e9000 	C:\WINDOWS\WinSxS\amd64_microsoft.windows.common-controls_6595b64144ccf1df_6.0.16299.125_none_15cbcf8893620c09\COMCTL32.dll
0x00007ffb15a80000 - 0x00007ffb15d88000 	C:\WINDOWS\System32\combase.dll
0x00007ffb15960000 - 0x00007ffb159d2000 	C:\WINDOWS\System32\bcryptPrimitives.dll
0x00007ffb15ea0000 - 0x00007ffb15ecd000 	C:\WINDOWS\System32\IMM32.DLL
0x00000000756c0000 - 0x0000000075792000 	C:\Program Files\Android\Android Studio\jre\jre\bin\msvcr100.dll
0x00000000757a0000 - 0x0000000075fde000 	C:\Program Files\Android\Android Studio\jre\jre\bin\server\jvm.dll
0x00007ffb161a0000 - 0x00007ffb161a8000 	C:\WINDOWS\System32\PSAPI.DLL
0x00007ffb06260000 - 0x00007ffb06269000 	C:\WINDOWS\SYSTEM32\WSOCK32.dll
0x00007ffb110a0000 - 0x00007ffb110c3000 	C:\WINDOWS\SYSTEM32\WINMM.dll
0x00007ffb08c40000 - 0x00007ffb08c4a000 	C:\WINDOWS\SYSTEM32\VERSION.dll
0x00007ffb16780000 - 0x00007ffb167ec000 	C:\WINDOWS\System32\WS2_32.dll
0x00007ffb11070000 - 0x00007ffb1109a000 	C:\WINDOWS\SYSTEM32\WINMMBASE.dll
0x00007ffb15290000 - 0x00007ffb152da000 	C:\WINDOWS\System32\cfgmgr32.dll
0x00007ffb0ca70000 - 0x00007ffb0ca7f000 	C:\Program Files\Android\Android Studio\jre\jre\bin\verify.dll
0x00007ffb0ca40000 - 0x00007ffb0ca69000 	C:\Program Files\Android\Android Studio\jre\jre\bin\java.dll
0x00007ffaf3000000 - 0x00007ffaf3016000 	C:\Program Files\Android\Android Studio\jre\jre\bin\zip.dll
0x00007ffb16870000 - 0x00007ffb17ca6000 	C:\WINDOWS\System32\SHELL32.dll
0x00007ffb17cb0000 - 0x00007ffb17d56000 	C:\WINDOWS\System32\shcore.dll
0x00007ffb14ae0000 - 0x00007ffb15227000 	C:\WINDOWS\System32\windows.storage.dll
0x00007ffb16120000 - 0x00007ffb16171000 	C:\WINDOWS\System32\shlwapi.dll
0x00007ffb148d0000 - 0x00007ffb148e1000 	C:\WINDOWS\System32\kernel.appcore.dll
0x00007ffb14880000 - 0x00007ffb148cc000 	C:\WINDOWS\System32\powrprof.dll
0x00007ffb14860000 - 0x00007ffb1487b000 	C:\WINDOWS\System32\profapi.dll

VM Arguments:
jvm_args: -Djava.awt.headless=true -Xmx1024M -Dfile.encoding=x-windows-874 -Duser.country=US -Duser.language=en -Duser.variant 
java_command: com.android.dx.command.Main --dex --force-jumbo --num-threads=4 --output D:\ex\android-lab\TextSwitcher\Application\build\intermediates\reload-dex\debug --min-sdk-version 15 D:\ex\android-lab\TextSwitcher\Application\build\intermediates\reload-dex\debug\classes.jar
java_class_path (initial): D:\systems\android_sdk\build-tools\26.0.2\lib\dx.jar
Launcher Type: SUN_STANDARD

Environment Variables:
JAVA_HOME=C:\Program Files\Java\jdk1.8.0_144
PATH=C:\Python3\;C:\Python3\Scripts;C:\WinAVR-20100110\bin;C:\WinAVR-20100110\utils\bin;C:\ProgramData\Oracle\Java\javapath;C:\WINDOWS\system32;C:\WINDOWS;C:\WINDOWS\System32\Wbem;C:\WINDOWS\System32\WindowsPowerShell\v1.0\;C:\Program Files\MATLAB\R2014a\runtime\win64;C:\Program Files\MATLAB\R2014a\bin;C:\Program Files\MATLAB\R2014a\polyspace\bin;C:\Program Files (x86)\Microsoft SQL Server\100\Tools\Binn\;C:\Program Files\Microsoft SQL Server\100\Tools\Binn\;C:\Program Files\Microsoft SQL Server\100\DTS\Binn\;C:\Program Files\Java\jdk1.8.0_144\bin;C:\Program Files (x86)\VideoLAN\VLC;C:\cygwin64\bin;C:\Program Files\node;C:\Program Files\node\node_modules\npm\bin;C:\Program Files\Git\cmd;C:\Program Files\Docker Toolbox;C:\Program Files\nodejs\;C:\Users\%USERSNAME%\AppData\Roaming\npm;C:\Users\5835512056.SW2-139.000\AppData\Local\Microsoft\WindowsApps;
USERNAME=5835512056
OS=Windows_NT
PROCESSOR_IDENTIFIER=Intel64 Family 6 Model 60 Stepping 3, GenuineIntel



---------------  S Y S T E M  ---------------

OS: Windows 10.0 , 64 bit Build 16299 (10.0.16299.15)

CPU:total 8 (initial active 8) (4 cores per cpu, 2 threads per core) family 6 model 60 stepping 3, cmov, cx8, fxsr, mmx, sse, sse2, sse3, ssse3, sse4.1, sse4.2, popcnt, avx, avx2, clmul, erms, lzcnt, ht, tsc, tscinvbit, bmi1, bmi2

Memory: 4k page, physical 8261292k(748656k free), swap 8261292k(2052k free)

vm_info: OpenJDK 64-Bit Server VM (25.152-b01) for windows-amd64 JRE (1.8.0_152-release-915-b01), built by "builder" with MS VC++ 10.0 (VS2010)

time: Tue Feb 20 20:00:19 2018
elapsed time: 0 seconds (0d 0h 0m 0s)

